Started GET "/" for 127.0.0.1 at 2024-09-06 10:52:52 +0700
  [1m[35m (1.1ms)[0m  [1m[35mCREATE TABLE "schema_migrations" ("version" varchar NOT NULL PRIMARY KEY)[0m
  [1m[35m (0.1ms)[0m  [1m[35mCREATE TABLE "ar_internal_metadata" ("key" varchar NOT NULL PRIMARY KEY, "value" varchar, "created_at" datetime(6) NOT NULL, "updated_at" datetime(6) NOT NULL)[0m
  [1m[36mActiveRecord::SchemaMigration Load (0.1ms)[0m  [1m[34mSELECT "schema_migrations"."version" FROM "schema_migrations" ORDER BY "schema_migrations"."version" ASC[0m
Processing by Rails::WelcomeController#index as HTML
  Rendering /home/lochuynh/.rvm/gems/ruby-3.3.0/gems/railties-7.2.1/lib/rails/templates/rails/welcome/index.html.erb
  Rendered /home/lochuynh/.rvm/gems/ruby-3.3.0/gems/railties-7.2.1/lib/rails/templates/rails/welcome/index.html.erb (Duration: 0.7ms | GC: 0.0ms)
Completed 200 OK in 13ms (Views: 4.3ms | ActiveRecord: 0.0ms (0 queries, 0 cached) | GC: 0.0ms)


Started GET "/" for 127.0.0.1 at 2024-09-06 13:25:57 +0700
  [1m[36mActiveRecord::SchemaMigration Load (0.1ms)[0m  [1m[34mSELECT "schema_migrations"."version" FROM "schema_migrations" ORDER BY "schema_migrations"."version" ASC[0m
Processing by Rails::WelcomeController#index as HTML
  Rendering /home/lochuynh/.rvm/gems/ruby-3.3.0/gems/railties-7.2.1/lib/rails/templates/rails/welcome/index.html.erb
  Rendered /home/lochuynh/.rvm/gems/ruby-3.3.0/gems/railties-7.2.1/lib/rails/templates/rails/welcome/index.html.erb (Duration: 0.5ms | GC: 0.0ms)
Completed 200 OK in 5ms (Views: 2.3ms | ActiveRecord: 0.0ms (0 queries, 0 cached) | GC: 0.0ms)


Started GET "/" for 127.0.0.1 at 2024-09-06 13:27:43 +0700
Processing by Rails::WelcomeController#index as HTML
  Rendering /home/lochuynh/.rvm/gems/ruby-3.3.0/gems/railties-7.2.1/lib/rails/templates/rails/welcome/index.html.erb
  Rendered /home/lochuynh/.rvm/gems/ruby-3.3.0/gems/railties-7.2.1/lib/rails/templates/rails/welcome/index.html.erb (Duration: 0.4ms | GC: 0.0ms)
Completed 200 OK in 2ms (Views: 1.0ms | ActiveRecord: 0.0ms (0 queries, 0 cached) | GC: 0.0ms)


Started GET "/" for 127.0.0.1 at 2024-09-06 13:27:55 +0700
  [1m[36mActiveRecord::SchemaMigration Load (0.1ms)[0m  [1m[34mSELECT "schema_migrations"."version" FROM "schema_migrations" ORDER BY "schema_migrations"."version" ASC[0m
Processing by Rails::WelcomeController#index as HTML
  Rendering /home/lochuynh/.rvm/gems/ruby-3.3.0/gems/railties-7.2.1/lib/rails/templates/rails/welcome/index.html.erb
  Rendered /home/lochuynh/.rvm/gems/ruby-3.3.0/gems/railties-7.2.1/lib/rails/templates/rails/welcome/index.html.erb (Duration: 0.5ms | GC: 0.0ms)
Completed 200 OK in 5ms (Views: 1.9ms | ActiveRecord: 0.0ms (0 queries, 0 cached) | GC: 0.0ms)


Started GET "/" for 127.0.0.1 at 2024-09-06 13:27:56 +0700
Processing by Rails::WelcomeController#index as HTML
  Rendering /home/lochuynh/.rvm/gems/ruby-3.3.0/gems/railties-7.2.1/lib/rails/templates/rails/welcome/index.html.erb
  Rendered /home/lochuynh/.rvm/gems/ruby-3.3.0/gems/railties-7.2.1/lib/rails/templates/rails/welcome/index.html.erb (Duration: 0.2ms | GC: 0.0ms)
Completed 200 OK in 1ms (Views: 0.8ms | ActiveRecord: 0.0ms (0 queries, 0 cached) | GC: 0.0ms)


Started GET "/" for 127.0.0.1 at 2024-09-06 13:27:56 +0700
Processing by Rails::WelcomeController#index as HTML
  Rendering /home/lochuynh/.rvm/gems/ruby-3.3.0/gems/railties-7.2.1/lib/rails/templates/rails/welcome/index.html.erb
  Rendered /home/lochuynh/.rvm/gems/ruby-3.3.0/gems/railties-7.2.1/lib/rails/templates/rails/welcome/index.html.erb (Duration: 0.2ms | GC: 0.0ms)
Completed 200 OK in 1ms (Views: 0.6ms | ActiveRecord: 0.0ms (0 queries, 0 cached) | GC: 0.0ms)


Started GET "/" for 127.0.0.1 at 2024-09-06 13:29:15 +0700
Processing by ApplicationController#hello as HTML
  Rendering html template
  Rendered html template (Duration: 0.0ms | GC: 0.0ms)
Completed 200 OK in 1ms (Views: 0.8ms | ActiveRecord: 0.0ms (0 queries, 0 cached) | GC: 0.0ms)


Started GET "/favicon.ico" for 127.0.0.1 at 2024-09-06 13:29:15 +0700
  
ActionController::RoutingError (No route matches [GET] "/favicon.ico"):
  
Started GET "/" for 127.0.0.1 at 2024-09-06 13:35:04 +0700
  
ArgumentError (Missing :controller key on routes definition, please check your routes.):
  
config/routes.rb:14:in `block in <main>'
config/routes.rb:1:in `<main>'
Started GET "/" for 127.0.0.1 at 2024-09-06 13:35:17 +0700
  
ArgumentError (Missing :controller key on routes definition, please check your routes.):
  
config/routes.rb:14:in `block in <main>'
config/routes.rb:1:in `<main>'
Started GET "/" for 127.0.0.1 at 2024-09-06 13:35:33 +0700
  
ArgumentError (Missing :controller key on routes definition, please check your routes.):
  
config/routes.rb:14:in `block in <main>'
config/routes.rb:1:in `<main>'
Started GET "/" for 127.0.0.1 at 2024-09-06 13:35:34 +0700
  
ActionController::RoutingError (No route matches [GET] "/"):
  
Started GET "/" for 127.0.0.1 at 2024-09-06 13:36:00 +0700
  
ActionController::RoutingError (No route matches [GET] "/"):
  
Started GET "/" for 127.0.0.1 at 2024-09-06 13:36:01 +0700
  
ActionController::RoutingError (No route matches [GET] "/"):
  
Started GET "/" for 127.0.0.1 at 2024-09-06 13:36:26 +0700
Processing by ApplicationController#hello as HTML
  Rendering html template
  Rendered html template (Duration: 0.1ms | GC: 0.0ms)
Completed 200 OK in 1ms (Views: 0.5ms | ActiveRecord: 0.0ms (0 queries, 0 cached) | GC: 0.0ms)


Started GET "/" for 127.0.0.1 at 2024-09-06 13:36:45 +0700
  
ArgumentError (Invalid route name, already in use: 'root' 
You may have defined two routes with the same name using the `:as` option, or you may be overriding a route already defined by a resource with the same naming. For the latter, you can restrict the routes created with `resources` as explained here: 
https://guides.rubyonrails.org/routing.html#restricting-the-routes-created):
  
config/routes.rb:14:in `block in <main>'
config/routes.rb:1:in `<main>'
Started GET "/" for 127.0.0.1 at 2024-09-06 13:36:53 +0700
Processing by ApplicationController#hello as HTML
  Rendering html template
  Rendered html template (Duration: 0.0ms | GC: 0.0ms)
Completed 200 OK in 1ms (Views: 0.5ms | ActiveRecord: 0.0ms (0 queries, 0 cached) | GC: 0.0ms)


Started GET "/" for 127.0.0.1 at 2024-09-06 13:38:35 +0700
  
ActionController::RoutingError (uninitialized constant PostsController):

Causes:
ActionDispatch::MissingController (uninitialized constant PostsController)
NameError (uninitialized constant PostsController)
  
Started GET "/" for 127.0.0.1 at 2024-09-06 13:39:00 +0700
  
ActionController::RoutingError (uninitialized constant PostsController):

Causes:
ActionDispatch::MissingController (uninitialized constant PostsController)
NameError (uninitialized constant PostsController)
  
Started GET "/" for 127.0.0.1 at 2024-09-06 13:39:01 +0700
  
ActionController::RoutingError (uninitialized constant PostsController):

Causes:
ActionDispatch::MissingController (uninitialized constant PostsController)
NameError (uninitialized constant PostsController)
  
Started GET "/" for 127.0.0.1 at 2024-09-06 13:39:06 +0700
  
ActionController::RoutingError (uninitialized constant PostsController):

Causes:
ActionDispatch::MissingController (uninitialized constant PostsController)
NameError (uninitialized constant PostsController)
  
Started GET "/" for 127.0.0.1 at 2024-09-06 13:39:07 +0700
  
ActionController::RoutingError (uninitialized constant PostsController):

Causes:
ActionDispatch::MissingController (uninitialized constant PostsController)
NameError (uninitialized constant PostsController)
  
Started GET "/" for 127.0.0.1 at 2024-09-06 13:39:12 +0700
Processing by Rails::WelcomeController#index as HTML
  Rendering /home/lochuynh/.rvm/gems/ruby-3.3.0/gems/railties-7.2.1/lib/rails/templates/rails/welcome/index.html.erb
  Rendered /home/lochuynh/.rvm/gems/ruby-3.3.0/gems/railties-7.2.1/lib/rails/templates/rails/welcome/index.html.erb (Duration: 0.3ms | GC: 0.0ms)
Completed 200 OK in 1ms (Views: 0.8ms | ActiveRecord: 0.0ms (0 queries, 0 cached) | GC: 0.0ms)


Started GET "/hello" for 127.0.0.1 at 2024-09-06 13:39:19 +0700
Processing by ApplicationController#hello as HTML
  Rendering html template
  Rendered html template (Duration: 0.1ms | GC: 0.0ms)
Completed 200 OK in 1ms (Views: 0.8ms | ActiveRecord: 0.0ms (0 queries, 0 cached) | GC: 0.0ms)


Started GET "/bye" for 127.0.0.1 at 2024-09-06 13:39:23 +0700
Processing by ApplicationController#bye as HTML
  Rendering html template
  Rendered html template (Duration: 0.2ms | GC: 0.0ms)
Completed 200 OK in 1ms (Views: 0.6ms | ActiveRecord: 0.0ms (0 queries, 0 cached) | GC: 0.0ms)


Started GET "/bye" for 127.0.0.1 at 2024-09-06 13:39:49 +0700
Processing by ApplicationController#bye as HTML
  Rendering html template
  Rendered html template (Duration: 0.1ms | GC: 0.0ms)
Completed 200 OK in 1ms (Views: 0.6ms | ActiveRecord: 0.0ms (0 queries, 0 cached) | GC: 0.0ms)


Started GET "/bye" for 127.0.0.1 at 2024-09-06 13:39:50 +0700
Processing by ApplicationController#bye as HTML
  Rendering html template
  Rendered html template (Duration: 0.1ms | GC: 0.0ms)
Completed 200 OK in 1ms (Views: 0.3ms | ActiveRecord: 0.0ms (0 queries, 0 cached) | GC: 0.0ms)


Started GET "/" for 127.0.0.1 at 2024-09-06 13:39:55 +0700
  
ActionController::RoutingError (uninitialized constant PostsController):

Causes:
ActionDispatch::MissingController (uninitialized constant PostsController)
NameError (uninitialized constant PostsController)
  
Started GET "/" for 127.0.0.1 at 2024-09-06 13:40:03 +0700
Processing by Rails::WelcomeController#index as HTML
  Rendering /home/lochuynh/.rvm/gems/ruby-3.3.0/gems/railties-7.2.1/lib/rails/templates/rails/welcome/index.html.erb
  Rendered /home/lochuynh/.rvm/gems/ruby-3.3.0/gems/railties-7.2.1/lib/rails/templates/rails/welcome/index.html.erb (Duration: 0.4ms | GC: 0.0ms)
Completed 200 OK in 2ms (Views: 0.9ms | ActiveRecord: 0.0ms (0 queries, 0 cached) | GC: 0.1ms)


Started GET "/" for 127.0.0.1 at 2024-09-06 16:56:43 +0700
  [1m[36mActiveRecord::SchemaMigration Load (0.1ms)[0m  [1m[34mSELECT "schema_migrations"."version" FROM "schema_migrations" ORDER BY "schema_migrations"."version" ASC[0m
Processing by Rails::WelcomeController#index as HTML
  Rendering /home/lochuynh/.rvm/gems/ruby-3.3.0/gems/railties-7.2.1/lib/rails/templates/rails/welcome/index.html.erb
  Rendered /home/lochuynh/.rvm/gems/ruby-3.3.0/gems/railties-7.2.1/lib/rails/templates/rails/welcome/index.html.erb (Duration: 0.5ms | GC: 0.0ms)
Completed 200 OK in 8ms (Views: 2.6ms | ActiveRecord: 0.0ms (0 queries, 0 cached) | GC: 0.0ms)


Started GET "/hello" for 127.0.0.1 at 2024-09-06 17:00:09 +0700
Processing by ApplicationController#hello as HTML
  Rendering html template
  Rendered html template (Duration: 0.1ms | GC: 0.0ms)
Completed 200 OK in 2ms (Views: 1.2ms | ActiveRecord: 0.0ms (0 queries, 0 cached) | GC: 0.0ms)


Started GET "/bye" for 127.0.0.1 at 2024-09-06 17:00:27 +0700
Processing by ApplicationController#bye as HTML
  Rendering html template
  Rendered html template (Duration: 0.0ms | GC: 0.0ms)
Completed 200 OK in 0ms (Views: 0.2ms | ActiveRecord: 0.0ms (0 queries, 0 cached) | GC: 0.0ms)


